cl : command line warning D9035: option 'Gm' has been deprecated and will be removed in a future release
  HermiteSplineSystem.cpp
D:\My Documents\University School Work\Applied Math and Comp Sci\EECS 4491\HermiteSplineAnimation\anim\HermiteSplineSystem.cpp(149,46): warning C4838: conversion from 'double' to 'float' requires a narrowing conversion
D:\My Documents\University School Work\Applied Math and Comp Sci\EECS 4491\HermiteSplineAnimation\anim\HermiteSplineSystem.cpp(149,52): warning C4838: conversion from 'double' to 'float' requires a narrowing conversion
D:\My Documents\University School Work\Applied Math and Comp Sci\EECS 4491\HermiteSplineAnimation\anim\HermiteSplineSystem.cpp(149,58): warning C4838: conversion from 'double' to 'float' requires a narrowing conversion
D:\My Documents\University School Work\Applied Math and Comp Sci\EECS 4491\HermiteSplineAnimation\anim\HermiteSplineSystem.cpp(150,47): warning C4838: conversion from 'double' to 'float' requires a narrowing conversion
D:\My Documents\University School Work\Applied Math and Comp Sci\EECS 4491\HermiteSplineAnimation\anim\HermiteSplineSystem.cpp(150,53): warning C4838: conversion from 'double' to 'float' requires a narrowing conversion
D:\My Documents\University School Work\Applied Math and Comp Sci\EECS 4491\HermiteSplineAnimation\anim\HermiteSplineSystem.cpp(150,59): warning C4838: conversion from 'double' to 'float' requires a narrowing conversion
D:\My Documents\University School Work\Applied Math and Comp Sci\EECS 4491\HermiteSplineAnimation\anim\HermiteSplineSystem.cpp(234,48): warning C4838: conversion from 'double' to 'float' requires a narrowing conversion
D:\My Documents\University School Work\Applied Math and Comp Sci\EECS 4491\HermiteSplineAnimation\anim\HermiteSplineSystem.cpp(234,63): warning C4838: conversion from 'double' to 'float' requires a narrowing conversion
D:\My Documents\University School Work\Applied Math and Comp Sci\EECS 4491\HermiteSplineAnimation\anim\HermiteSplineSystem.cpp(234,78): warning C4838: conversion from 'double' to 'float' requires a narrowing conversion
D:\My Documents\University School Work\Applied Math and Comp Sci\EECS 4491\HermiteSplineAnimation\anim\HermiteSplineSystem.cpp(255,48): warning C4838: conversion from 'double' to 'float' requires a narrowing conversion
D:\My Documents\University School Work\Applied Math and Comp Sci\EECS 4491\HermiteSplineAnimation\anim\HermiteSplineSystem.cpp(255,63): warning C4838: conversion from 'double' to 'float' requires a narrowing conversion
D:\My Documents\University School Work\Applied Math and Comp Sci\EECS 4491\HermiteSplineAnimation\anim\HermiteSplineSystem.cpp(255,78): warning C4838: conversion from 'double' to 'float' requires a narrowing conversion
D:\My Documents\University School Work\Applied Math and Comp Sci\EECS 4491\HermiteSplineAnimation\anim\HermiteSplineSystem.cpp(277,48): warning C4838: conversion from 'double' to 'float' requires a narrowing conversion
D:\My Documents\University School Work\Applied Math and Comp Sci\EECS 4491\HermiteSplineAnimation\anim\HermiteSplineSystem.cpp(277,63): warning C4838: conversion from 'double' to 'float' requires a narrowing conversion
D:\My Documents\University School Work\Applied Math and Comp Sci\EECS 4491\HermiteSplineAnimation\anim\HermiteSplineSystem.cpp(277,78): warning C4838: conversion from 'double' to 'float' requires a narrowing conversion
D:\My Documents\University School Work\Applied Math and Comp Sci\EECS 4491\HermiteSplineAnimation\anim\HermiteSplineSystem.cpp(297,48): warning C4838: conversion from 'double' to 'float' requires a narrowing conversion
D:\My Documents\University School Work\Applied Math and Comp Sci\EECS 4491\HermiteSplineAnimation\anim\HermiteSplineSystem.cpp(297,63): warning C4838: conversion from 'double' to 'float' requires a narrowing conversion
D:\My Documents\University School Work\Applied Math and Comp Sci\EECS 4491\HermiteSplineAnimation\anim\HermiteSplineSystem.cpp(297,78): warning C4838: conversion from 'double' to 'float' requires a narrowing conversion
D:\My Documents\University School Work\Applied Math and Comp Sci\EECS 4491\HermiteSplineAnimation\anim\HermiteSplineSystem.cpp(32): warning C4172: returning address of local variable or temporary: result_tan
D:\My Documents\University School Work\Applied Math and Comp Sci\EECS 4491\HermiteSplineAnimation\anim\HermiteSplineSystem.cpp(26): warning C4172: returning address of local variable or temporary: result_tan
D:\My Documents\University School Work\Applied Math and Comp Sci\EECS 4491\HermiteSplineAnimation\anim\HermiteSplineSystem.cpp(39): warning C4172: returning address of local variable or temporary: result_tan
  anim.vcxproj -> D:\My Documents\University School Work\Applied Math and Comp Sci\EECS 4491\HermiteSplineAnimation\anim\../Build\anim.exe
